<?xml version="1.0" encoding="UTF-8"?>
<!-- Generated by org.testng.reporters.JUnitXMLReporter -->
<testsuite ignored="4" hostname="DESKTOP-8A5TPBL" failures="1" tests="3" name="Test" time="115.995" errors="0" timestamp="2025-03-13T22:12:26 IST">
  <testcase classname="script.Demo1" name="testA" time="0.11"/>
  <testcase classname="script.Demo2" name="testB" time="0.015"/>
  <testcase classname="script.Demo3" name="testC" time="0.651">
    <failure type="java.lang.AssertionError" message="null">
      <![CDATA[java.lang.AssertionError: null
at script.Demo3.testC(Demo3.java:20)
at java.base/java.util.ArrayList.forEach(ArrayList.java:1511)
... Removed 29 stack frames]]>
    </failure>
  </testcase> <!-- testC -->
  <testcase classname="generic.BaseTest" name="@BeforeSuite initReport" time="0.0">
    <ignored/>
  </testcase> <!-- @BeforeSuite initReport -->
  <testcase classname="generic.BaseTest" name="@BeforeSuite initReport" time="0.0">
    <ignored/>
  </testcase> <!-- @BeforeSuite initReport -->
  <testcase classname="generic.BaseTest" name="@AfterSuite generateReport" time="0.0">
    <ignored/>
  </testcase> <!-- @AfterSuite generateReport -->
  <testcase classname="generic.BaseTest" name="@AfterSuite generateReport" time="0.0">
    <ignored/>
  </testcase> <!-- @AfterSuite generateReport -->
</testsuite> <!-- Test -->
